<?xml version="1.0" encoding="UTF-8"?>
<testng-results ignored="0" total="1" passed="1" failed="0" skipped="0">
  <reporter-output>
  </reporter-output>
  <suite started-at="2024-01-17T21:57:21 GMT-08:00" name="Default suite" finished-at="2024-01-17T21:58:27 GMT-08:00" duration-ms="65515">
    <groups>
    </groups>
    <test started-at="2024-01-17T21:57:21 GMT-08:00" name="Default test" finished-at="2024-01-17T21:58:27 GMT-08:00" duration-ms="65515">
      <class name="basic.TiraTest">
        <test-method signature="tiraTest()[pri:0, instance:basic.TiraTest@481a996b]" started-at="2024-01-17T21:57:21 GMT-08:00" name="tiraTest" finished-at="2024-01-17T21:58:27 GMT-08:00" duration-ms="65334" status="PASS">
          <reporter-output>
          </reporter-output>
        </test-method> <!-- tiraTest -->
      </class> <!-- basic.TiraTest -->
    </test> <!-- Default test -->
  </suite> <!-- Default suite -->
</testng-results>
